[0.017s] Invoking command in '/root/build/camera_ros': CMAKE_PREFIX_PATH=${CMAKE_PREFIX_PATH}:/opt/ros/humble /usr/bin/cmake /root/colcon_ws/src/camera_ros -DCMAKE_INSTALL_PREFIX=/root/install/camera_ros
[0.590s] -- The C compiler identification is GNU 11.4.0
[0.868s] -- The CXX compiler identification is GNU 11.4.0
[0.885s] -- Detecting C compiler ABI info
[1.003s] -- Detecting C compiler ABI info - done
[1.017s] -- Check for working C compiler: /usr/bin/cc - skipped
[1.017s] -- Detecting C compile features
[1.018s] -- Detecting C compile features - done
[1.026s] -- Detecting CXX compiler ABI info
[1.135s] -- Detecting CXX compiler ABI info - done
[1.151s] -- Check for working CXX compiler: /usr/bin/c++ - skipped
[1.151s] -- Detecting CXX compile features
[1.153s] -- Detecting CXX compile features - done
[1.155s] -- Found ament_cmake: 1.3.11 (/opt/ros/humble/share/ament_cmake/cmake)
[1.333s] -- Found Python3: /usr/bin/python3 (found version "3.10.12") found components: Interpreter 
[1.512s] -- Found PkgConfig: /usr/bin/pkg-config (found version "0.29.2") 
[1.513s] -- Found rclcpp: 16.0.12 (/opt/ros/humble/share/rclcpp/cmake)
[1.605s] -- Found rosidl_generator_c: 3.1.6 (/opt/ros/humble/share/rosidl_generator_c/cmake)
[1.615s] -- Found rosidl_adapter: 3.1.6 (/opt/ros/humble/share/rosidl_adapter/cmake)
[1.632s] -- Found rosidl_generator_cpp: 3.1.6 (/opt/ros/humble/share/rosidl_generator_cpp/cmake)
[1.660s] -- Using all available rosidl_typesupport_c: rosidl_typesupport_fastrtps_c;rosidl_typesupport_introspection_c
[1.690s] -- Using all available rosidl_typesupport_cpp: rosidl_typesupport_fastrtps_cpp;rosidl_typesupport_introspection_cpp
[1.777s] -- Found rmw_implementation_cmake: 6.1.2 (/opt/ros/humble/share/rmw_implementation_cmake/cmake)
[1.784s] -- Found rmw_fastrtps_cpp: 6.2.7 (/opt/ros/humble/share/rmw_fastrtps_cpp/cmake)
[1.930s] -- Found OpenSSL: /usr/lib/aarch64-linux-gnu/libcrypto.so (found version "3.0.2")  
[1.969s] -- Found FastRTPS: /opt/ros/humble/include  
[2.025s] -- Using RMW implementation 'rmw_fastrtps_cpp' as default
[2.042s] -- Looking for pthread.h
[2.167s] -- Looking for pthread.h - found
[2.167s] -- Performing Test CMAKE_HAVE_LIBC_PTHREAD
[2.255s] -- Performing Test CMAKE_HAVE_LIBC_PTHREAD - Success
[2.255s] -- Found Threads: TRUE  
[2.360s] -- Found rclcpp_components: 16.0.12 (/opt/ros/humble/share/rclcpp_components/cmake)
[2.422s] -- Found sensor_msgs: 4.8.0 (/opt/ros/humble/share/sensor_msgs/cmake)
[2.473s] -- Found camera_info_manager: 3.1.12 (/opt/ros/humble/share/camera_info_manager/cmake)
[2.504s] -- Found cv_bridge: 3.2.1 (/opt/ros/humble/share/cv_bridge/cmake)
[2.521s] -- Checking for module 'libcamera>=0.1'
[2.533s] --   Found libcamera, version 0.5.1
[2.564s] -- Found ament_lint_auto: 0.12.12 (/opt/ros/humble/share/ament_lint_auto/cmake)
[2.710s] -- Added test 'clang_format' to check C / C++ code style
[2.714s] -- Added test 'cppcheck' to perform static code analysis on C / C++ code
[2.715s] -- Configured cppcheck include dirs: 
[2.715s] -- Configured cppcheck exclude dirs and/or files: 
[2.716s] -- Added test 'flake8' to check Python code syntax and style conventions
[2.717s] -- Added test 'lint_cmake' to check CMake code style
[2.720s] -- Added test 'mypy' to statically type check Python code.
[2.721s] -- Added test 'pep257' to check Python code against some of the docstring style conventions in PEP 257
[2.723s] -- Added test 'pyflakes' to perform static code analysis on Python code
[2.725s] -- Added test 'xmllint' to check XML markup files
[2.728s] -- Configuring done
[2.759s] -- Generating done
[2.769s] -- Build files have been written to: /root/build/camera_ros
[2.785s] Invoked command in '/root/build/camera_ros' returned '0': CMAKE_PREFIX_PATH=${CMAKE_PREFIX_PATH}:/opt/ros/humble /usr/bin/cmake /root/colcon_ws/src/camera_ros -DCMAKE_INSTALL_PREFIX=/root/install/camera_ros
[2.788s] Invoking command in '/root/build/camera_ros': CMAKE_PREFIX_PATH=${CMAKE_PREFIX_PATH}:/opt/ros/humble /usr/bin/cmake --build /root/build/camera_ros -- -j4 -l4
[2.845s] [ 15%] [32mBuilding CXX object CMakeFiles/param.dir/src/cv_to_pv.cpp.o[0m
[2.846s] [ 15%] [32mBuilding CXX object CMakeFiles/utils.dir/src/format_mapping.cpp.o[0m
[2.849s] [ 23%] [32mBuilding CXX object CMakeFiles/camera_node.dir/rclcpp_components/node_main_camera_node.cpp.o[0m
[2.861s] [ 30%] [32mBuilding CXX object CMakeFiles/param.dir/src/clamp.cpp.o[0m
[5.241s] [ 38%] [32mBuilding CXX object CMakeFiles/utils.dir/src/pretty_print.cpp.o[0m
[6.039s] [ 46%] [32mBuilding CXX object CMakeFiles/param.dir/src/pv_to_cv.cpp.o[0m
[6.676s] [ 53%] [32mBuilding CXX object CMakeFiles/param.dir/src/types.cpp.o[0m
[7.420s] [ 53%] Built target utils
[7.431s] [ 61%] [32mBuilding CXX object CMakeFiles/param.dir/src/type_extent.cpp.o[0m
[8.286s] [ 69%] [32mBuilding CXX object CMakeFiles/param.dir/src/ParameterHandler.cpp.o[0m
[9.668s] [ 76%] [32mBuilding CXX object CMakeFiles/param.dir/src/ParameterConflictHandler.cpp.o[0m
[15.656s] [ 84%] [32m[1mLinking CXX executable camera_node[0m
[16.151s] [ 84%] Built target camera_node
[18.070s] [ 84%] Built target param
[18.111s] [ 92%] [32mBuilding CXX object CMakeFiles/camera_component.dir/src/CameraNode.cpp.o[0m
[33.710s] [100%] [32m[1mLinking CXX shared library libcamera_component.so[0m
[36.789s] [100%] Built target camera_component
[36.848s] Invoked command in '/root/build/camera_ros' returned '0': CMAKE_PREFIX_PATH=${CMAKE_PREFIX_PATH}:/opt/ros/humble /usr/bin/cmake --build /root/build/camera_ros -- -j4 -l4
[36.858s] Invoking command in '/root/build/camera_ros': CMAKE_PREFIX_PATH=${CMAKE_PREFIX_PATH}:/opt/ros/humble /usr/bin/cmake --install /root/build/camera_ros
[36.876s] -- Install configuration: ""
[36.883s] -- Installing: /root/install/camera_ros/lib/camera_ros/camera_node
[36.883s] -- Set runtime path of "/root/install/camera_ros/lib/camera_ros/camera_node" to ""
[36.883s] -- Installing: /root/install/camera_ros/share/camera_ros/environment/library_path.sh
[36.883s] -- Installing: /root/install/camera_ros/share/camera_ros/environment/library_path.dsv
[36.883s] -- Installing: /root/install/camera_ros/lib/libcamera_component.so
[36.891s] -- Set runtime path of "/root/install/camera_ros/lib/libcamera_component.so" to ""
[36.899s] -- Installing: /root/install/camera_ros/share/camera_ros//launch
[36.899s] -- Installing: /root/install/camera_ros/share/camera_ros//launch/camera.launch.py
[36.899s] -- Installing: /root/install/camera_ros/share/ament_index/resource_index/package_run_dependencies/camera_ros
[36.899s] -- Installing: /root/install/camera_ros/share/ament_index/resource_index/parent_prefix_path/camera_ros
[36.899s] -- Installing: /root/install/camera_ros/share/camera_ros/environment/ament_prefix_path.sh
[36.900s] -- Installing: /root/install/camera_ros/share/camera_ros/environment/ament_prefix_path.dsv
[36.900s] -- Installing: /root/install/camera_ros/share/camera_ros/environment/path.sh
[36.900s] -- Installing: /root/install/camera_ros/share/camera_ros/environment/path.dsv
[36.900s] -- Installing: /root/install/camera_ros/share/camera_ros/local_setup.bash
[36.900s] -- Installing: /root/install/camera_ros/share/camera_ros/local_setup.sh
[36.900s] -- Installing: /root/install/camera_ros/share/camera_ros/local_setup.zsh
[36.900s] -- Installing: /root/install/camera_ros/share/camera_ros/local_setup.dsv
[36.900s] -- Installing: /root/install/camera_ros/share/camera_ros/package.dsv
[36.900s] -- Installing: /root/install/camera_ros/share/ament_index/resource_index/packages/camera_ros
[36.907s] -- Installing: /root/install/camera_ros/share/ament_index/resource_index/rclcpp_components/camera_ros
[36.907s] -- Installing: /root/install/camera_ros/share/camera_ros/cmake/camera_componentTargetsExport.cmake
[36.907s] -- Installing: /root/install/camera_ros/share/camera_ros/cmake/camera_componentTargetsExport-noconfig.cmake
[36.908s] -- Installing: /root/install/camera_ros/share/camera_ros/cmake/ament_cmake_export_targets-extras.cmake
[36.908s] -- Installing: /root/install/camera_ros/share/camera_ros/cmake/ament_cmake_export_dependencies-extras.cmake
[36.908s] -- Installing: /root/install/camera_ros/share/camera_ros/cmake/camera_rosConfig.cmake
[36.908s] -- Installing: /root/install/camera_ros/share/camera_ros/cmake/camera_rosConfig-version.cmake
[36.908s] -- Installing: /root/install/camera_ros/share/camera_ros/package.xml
[36.923s] Invoked command in '/root/build/camera_ros' returned '0': CMAKE_PREFIX_PATH=${CMAKE_PREFIX_PATH}:/opt/ros/humble /usr/bin/cmake --install /root/build/camera_ros
