[0.021s] Invoking command in '/root/build/camera_ros': CMAKE_PREFIX_PATH=${CMAKE_PREFIX_PATH}:/opt/ros/humble /usr/bin/cmake /root/colcon_ws/src/camera_ros -DAMENT_CMAKE_SYMLINK_INSTALL=1 -DCMAKE_INSTALL_PREFIX=/root/install/camera_ros
[0.040s] -- Found ament_cmake: 1.3.11 (/opt/ros/humble/share/ament_cmake/cmake)
[0.221s] -- Override CMake install command with custom implementation using symlinks instead of copying resources
[0.237s] -- Found rclcpp: 16.0.12 (/opt/ros/humble/share/rclcpp/cmake)
[0.271s] -- Found rosidl_generator_c: 3.1.6 (/opt/ros/humble/share/rosidl_generator_c/cmake)
[0.274s] -- Found rosidl_adapter: 3.1.6 (/opt/ros/humble/share/rosidl_adapter/cmake)
[0.281s] -- Found rosidl_generator_cpp: 3.1.6 (/opt/ros/humble/share/rosidl_generator_cpp/cmake)
[0.294s] -- Using all available rosidl_typesupport_c: rosidl_typesupport_fastrtps_c;rosidl_typesupport_introspection_c
[0.316s] -- Using all available rosidl_typesupport_cpp: rosidl_typesupport_fastrtps_cpp;rosidl_typesupport_introspection_cpp
[0.361s] -- Found rmw_implementation_cmake: 6.1.2 (/opt/ros/humble/share/rmw_implementation_cmake/cmake)
[0.361s] -- Found rmw_fastrtps_cpp: 6.2.7 (/opt/ros/humble/share/rmw_fastrtps_cpp/cmake)
[0.503s] -- Using RMW implementation 'rmw_fastrtps_cpp' as default
[0.587s] -- Found rclcpp_components: 16.0.12 (/opt/ros/humble/share/rclcpp_components/cmake)
[0.614s] -- Found sensor_msgs: 4.8.0 (/opt/ros/humble/share/sensor_msgs/cmake)
[0.654s] -- Found camera_info_manager: 3.1.12 (/opt/ros/humble/share/camera_info_manager/cmake)
[0.663s] -- Found cv_bridge: 3.2.1 (/opt/ros/humble/share/cv_bridge/cmake)
[0.675s] -- Found ament_lint_auto: 0.12.12 (/opt/ros/humble/share/ament_lint_auto/cmake)
[0.793s] -- Added test 'clang_format' to check C / C++ code style
[0.796s] -- Added test 'cppcheck' to perform static code analysis on C / C++ code
[0.797s] -- Configured cppcheck include dirs: 
[0.797s] -- Configured cppcheck exclude dirs and/or files: 
[0.797s] -- Added test 'flake8' to check Python code syntax and style conventions
[0.798s] -- Added test 'lint_cmake' to check CMake code style
[0.799s] -- Added test 'mypy' to statically type check Python code.
[0.799s] -- Added test 'pep257' to check Python code against some of the docstring style conventions in PEP 257
[0.800s] -- Added test 'pyflakes' to perform static code analysis on Python code
[0.800s] -- Added test 'xmllint' to check XML markup files
[0.805s] -- Configuring done
[0.886s] -- Generating done
[0.930s] -- Build files have been written to: /root/build/camera_ros
[0.942s] Invoked command in '/root/build/camera_ros' returned '0': CMAKE_PREFIX_PATH=${CMAKE_PREFIX_PATH}:/opt/ros/humble /usr/bin/cmake /root/colcon_ws/src/camera_ros -DAMENT_CMAKE_SYMLINK_INSTALL=1 -DCMAKE_INSTALL_PREFIX=/root/install/camera_ros
[0.944s] Invoking command in '/root/build/camera_ros': CMAKE_PREFIX_PATH=${CMAKE_PREFIX_PATH}:/opt/ros/humble /usr/bin/cmake --build /root/build/camera_ros -- -j4 -l4
[0.995s] [35m[1mConsolidate compiler generated dependencies of target camera_node[0m
[0.998s] [35m[1mConsolidate compiler generated dependencies of target utils[0m
[1.005s] [35m[1mConsolidate compiler generated dependencies of target param[0m
[1.030s] [  7%] [32m[1mLinking CXX executable camera_node[0m
[1.036s] [ 61%] Built target param
[1.055s] [ 76%] Built target utils
[1.075s] [35m[1mConsolidate compiler generated dependencies of target camera_component[0m
[1.109s] [ 84%] [32m[1mLinking CXX shared library libcamera_component.so[0m
[1.272s] [ 92%] Built target camera_node
[2.415s] [100%] Built target camera_component
[2.434s] Invoked command in '/root/build/camera_ros' returned '0': CMAKE_PREFIX_PATH=${CMAKE_PREFIX_PATH}:/opt/ros/humble /usr/bin/cmake --build /root/build/camera_ros -- -j4 -l4
[2.446s] Invoking command in '/root/build/camera_ros': CMAKE_PREFIX_PATH=${CMAKE_PREFIX_PATH}:/opt/ros/humble /usr/bin/cmake --install /root/build/camera_ros
[2.462s] -- Install configuration: ""
[2.462s] -- Execute custom install script
[2.463s] -- Symlinking: /root/install/camera_ros/lib/camera_ros/camera_node
[2.472s] -- Symlinking: /root/install/camera_ros/share/camera_ros/environment/library_path.sh
[2.482s] -- Symlinking: /root/install/camera_ros/share/camera_ros/environment/library_path.dsv
[2.490s] -- Symlinking: /root/install/camera_ros/share/camera_ros//launch/camera.launch.py
[2.500s] -- Symlinking: /root/install/camera_ros/share/ament_index/resource_index/package_run_dependencies/camera_ros
[2.509s] -- Symlinking: /root/install/camera_ros/share/ament_index/resource_index/parent_prefix_path/camera_ros
[2.519s] -- Symlinking: /root/install/camera_ros/share/camera_ros/environment/ament_prefix_path.sh
[2.529s] -- Symlinking: /root/install/camera_ros/share/camera_ros/environment/ament_prefix_path.dsv
[2.539s] -- Symlinking: /root/install/camera_ros/share/camera_ros/environment/path.sh
[2.548s] -- Symlinking: /root/install/camera_ros/share/camera_ros/environment/path.dsv
[2.560s] -- Symlinking: /root/install/camera_ros/share/camera_ros/local_setup.bash
[2.572s] -- Symlinking: /root/install/camera_ros/share/camera_ros/local_setup.sh
[2.581s] -- Symlinking: /root/install/camera_ros/share/camera_ros/local_setup.zsh
[2.590s] -- Symlinking: /root/install/camera_ros/share/camera_ros/local_setup.dsv
[2.601s] -- Symlinking: /root/install/camera_ros/share/camera_ros/package.dsv
[2.610s] -- Symlinking: /root/install/camera_ros/share/ament_index/resource_index/packages/camera_ros
[2.619s] -- Symlinking: /root/install/camera_ros/share/ament_index/resource_index/rclcpp_components/camera_ros
[2.628s] -- Symlinking: /root/install/camera_ros/share/camera_ros/cmake/ament_cmake_export_targets-extras.cmake
[2.637s] -- Symlinking: /root/install/camera_ros/share/camera_ros/cmake/ament_cmake_export_dependencies-extras.cmake
[2.645s] -- Symlinking: /root/install/camera_ros/share/camera_ros/cmake/camera_rosConfig.cmake
[2.654s] -- Symlinking: /root/install/camera_ros/share/camera_ros/cmake/camera_rosConfig-version.cmake
[2.663s] -- Symlinking: /root/install/camera_ros/share/camera_ros/package.xml
[2.677s] -- Installing: /root/install/camera_ros/lib/libcamera_component.so
[2.682s] -- Set runtime path of "/root/install/camera_ros/lib/libcamera_component.so" to ""
[2.683s] -- Up-to-date: /root/install/camera_ros/share/camera_ros/cmake/camera_componentTargetsExport.cmake
[2.684s] -- Up-to-date: /root/install/camera_ros/share/camera_ros/cmake/camera_componentTargetsExport-noconfig.cmake
[2.686s] Invoked command in '/root/build/camera_ros' returned '0': CMAKE_PREFIX_PATH=${CMAKE_PREFIX_PATH}:/opt/ros/humble /usr/bin/cmake --install /root/build/camera_ros
