[0.026s] Invoking command in '/root/build/slam_msgs': CMAKE_PREFIX_PATH=${CMAKE_PREFIX_PATH}:/opt/ros/humble /usr/bin/cmake /root/colcon_ws/src/slam_msgs -DAMENT_CMAKE_SYMLINK_INSTALL=1 -DCMAKE_INSTALL_PREFIX=/root/install/slam_msgs
[0.173s] -- Found ament_cmake: 1.3.11 (/opt/ros/humble/share/ament_cmake/cmake)
[0.384s] -- Override CMake install command with custom implementation using symlinks instead of copying resources
[0.428s] -- Found rclcpp: 16.0.12 (/opt/ros/humble/share/rclcpp/cmake)
[0.514s] -- Found rosidl_generator_c: 3.1.6 (/opt/ros/humble/share/rosidl_generator_c/cmake)
[0.523s] -- Found rosidl_adapter: 3.1.6 (/opt/ros/humble/share/rosidl_adapter/cmake)
[0.555s] -- Found rosidl_generator_cpp: 3.1.6 (/opt/ros/humble/share/rosidl_generator_cpp/cmake)
[0.577s] -- Using all available rosidl_typesupport_c: rosidl_typesupport_fastrtps_c;rosidl_typesupport_introspection_c
[0.601s] -- Using all available rosidl_typesupport_cpp: rosidl_typesupport_fastrtps_cpp;rosidl_typesupport_introspection_cpp
[0.669s] -- Found rmw_implementation_cmake: 6.1.2 (/opt/ros/humble/share/rmw_implementation_cmake/cmake)
[0.675s] -- Found rmw_fastrtps_cpp: 6.2.7 (/opt/ros/humble/share/rmw_fastrtps_cpp/cmake)
[0.844s] -- Using RMW implementation 'rmw_fastrtps_cpp' as default
[0.949s] -- Found geometry_msgs: 4.8.0 (/opt/ros/humble/share/geometry_msgs/cmake)
[0.976s] -- Found sensor_msgs: 4.8.0 (/opt/ros/humble/share/sensor_msgs/cmake)
[1.009s] -- Found rosidl_default_generators: 1.2.0 (/opt/ros/humble/share/rosidl_default_generators/cmake)
[1.468s] -- Found ament_cmake_ros: 0.10.0 (/opt/ros/humble/share/ament_cmake_ros/cmake)
[2.030s] -- Using all available rosidl_typesupport_c: rosidl_typesupport_fastrtps_c;rosidl_typesupport_introspection_c
[2.254s] -- Using all available rosidl_typesupport_cpp: rosidl_typesupport_fastrtps_cpp;rosidl_typesupport_introspection_cpp
[2.274s] -- Found python_cmake_module: 0.10.0 (/opt/ros/humble/share/python_cmake_module/cmake)
[2.299s] -- Using PYTHON_EXECUTABLE: /usr/bin/python3
[2.299s] -- Using PYTHON_INCLUDE_DIRS: /usr/include/python3.10
[2.299s] -- Using PYTHON_LIBRARIES: /usr/lib/aarch64-linux-gnu/libpython3.10.so
[2.403s] -- Configuring done
[2.563s] -- Generating done
[2.613s] -- Build files have been written to: /root/build/slam_msgs
[2.627s] Invoked command in '/root/build/slam_msgs' returned '0': CMAKE_PREFIX_PATH=${CMAKE_PREFIX_PATH}:/opt/ros/humble /usr/bin/cmake /root/colcon_ws/src/slam_msgs -DAMENT_CMAKE_SYMLINK_INSTALL=1 -DCMAKE_INSTALL_PREFIX=/root/install/slam_msgs
[2.629s] Invoking command in '/root/build/slam_msgs': CMAKE_PREFIX_PATH=${CMAKE_PREFIX_PATH}:/opt/ros/humble /usr/bin/cmake --build /root/build/slam_msgs -- -j4 -l4
[2.681s] [35m[1mConsolidate compiler generated dependencies of target slam_msgs__rosidl_generator_c[0m
[2.683s] failed to create symbolic link '/root/build/slam_msgs/ament_cmake_python/slam_msgs/slam_msgs' because existing path cannot be removed: Is a directory
[2.684s] gmake[2]: *** [CMakeFiles/ament_cmake_python_symlink_slam_msgs.dir/build.make:70: CMakeFiles/ament_cmake_python_symlink_slam_msgs] Error 1
[2.684s] gmake[1]: *** [CMakeFiles/Makefile2:421: CMakeFiles/ament_cmake_python_symlink_slam_msgs.dir/all] Error 2
[2.684s] [  1%] Built target slam_msgs__cpp
[2.684s] gmake[1]: *** Waiting for unfinished jobs....
[2.702s] [ 12%] Built target slam_msgs__rosidl_generator_c
[2.703s] gmake: *** [Makefile:146: all] Error 2
[2.705s] Invoked command in '/root/build/slam_msgs' returned '2': CMAKE_PREFIX_PATH=${CMAKE_PREFIX_PATH}:/opt/ros/humble /usr/bin/cmake --build /root/build/slam_msgs -- -j4 -l4
