[0.023s] Invoking command in '/root/build/camera_ros': CMAKE_PREFIX_PATH=${CMAKE_PREFIX_PATH}:/opt/ros/humble /usr/bin/cmake /root/colcon_ws/src/camera_ros -DCMAKE_INSTALL_PREFIX=/root/install/camera_ros
[0.041s] -- Found ament_cmake: 1.3.11 (/opt/ros/humble/share/ament_cmake/cmake)
[0.237s] -- Override CMake install command with custom implementation using symlinks instead of copying resources
[0.249s] -- Found rclcpp: 16.0.12 (/opt/ros/humble/share/rclcpp/cmake)
[0.283s] -- Found rosidl_generator_c: 3.1.6 (/opt/ros/humble/share/rosidl_generator_c/cmake)
[0.286s] -- Found rosidl_adapter: 3.1.6 (/opt/ros/humble/share/rosidl_adapter/cmake)
[0.294s] -- Found rosidl_generator_cpp: 3.1.6 (/opt/ros/humble/share/rosidl_generator_cpp/cmake)
[0.307s] -- Using all available rosidl_typesupport_c: rosidl_typesupport_fastrtps_c;rosidl_typesupport_introspection_c
[0.322s] -- Using all available rosidl_typesupport_cpp: rosidl_typesupport_fastrtps_cpp;rosidl_typesupport_introspection_cpp
[0.363s] -- Found rmw_implementation_cmake: 6.1.2 (/opt/ros/humble/share/rmw_implementation_cmake/cmake)
[0.364s] -- Found rmw_fastrtps_cpp: 6.2.7 (/opt/ros/humble/share/rmw_fastrtps_cpp/cmake)
[0.494s] -- Using RMW implementation 'rmw_fastrtps_cpp' as default
[0.562s] -- Found rclcpp_components: 16.0.12 (/opt/ros/humble/share/rclcpp_components/cmake)
[0.606s] -- Found sensor_msgs: 4.8.0 (/opt/ros/humble/share/sensor_msgs/cmake)
[0.645s] -- Found camera_info_manager: 3.1.12 (/opt/ros/humble/share/camera_info_manager/cmake)
[0.663s] -- Found cv_bridge: 3.2.1 (/opt/ros/humble/share/cv_bridge/cmake)
[0.678s] -- Found ament_lint_auto: 0.12.12 (/opt/ros/humble/share/ament_lint_auto/cmake)
[0.811s] -- Added test 'clang_format' to check C / C++ code style
[0.814s] -- Added test 'cppcheck' to perform static code analysis on C / C++ code
[0.815s] -- Configured cppcheck include dirs: 
[0.815s] -- Configured cppcheck exclude dirs and/or files: 
[0.816s] -- Added test 'flake8' to check Python code syntax and style conventions
[0.817s] -- Added test 'lint_cmake' to check CMake code style
[0.818s] -- Added test 'mypy' to statically type check Python code.
[0.820s] -- Added test 'pep257' to check Python code against some of the docstring style conventions in PEP 257
[0.822s] -- Added test 'pyflakes' to perform static code analysis on Python code
[0.823s] -- Added test 'xmllint' to check XML markup files
[0.827s] -- Configuring done
[0.879s] -- Generating done
[0.902s] -- Build files have been written to: /root/build/camera_ros
[0.919s] Invoked command in '/root/build/camera_ros' returned '0': CMAKE_PREFIX_PATH=${CMAKE_PREFIX_PATH}:/opt/ros/humble /usr/bin/cmake /root/colcon_ws/src/camera_ros -DCMAKE_INSTALL_PREFIX=/root/install/camera_ros
[0.922s] Invoking command in '/root/build/camera_ros': CMAKE_PREFIX_PATH=${CMAKE_PREFIX_PATH}:/opt/ros/humble /usr/bin/cmake --build /root/build/camera_ros -- -j4 -l4
[0.968s] [35m[1mConsolidate compiler generated dependencies of target utils[0m
[0.968s] [35m[1mConsolidate compiler generated dependencies of target camera_node[0m
[0.989s] [35m[1mConsolidate compiler generated dependencies of target param[0m
[0.989s] [ 15%] Built target utils
[0.989s] [ 30%] Built target camera_node
[1.010s] [ 84%] Built target param
[1.025s] [35m[1mConsolidate compiler generated dependencies of target camera_component[0m
[1.062s] [100%] Built target camera_component
[1.078s] Invoked command in '/root/build/camera_ros' returned '0': CMAKE_PREFIX_PATH=${CMAKE_PREFIX_PATH}:/opt/ros/humble /usr/bin/cmake --build /root/build/camera_ros -- -j4 -l4
[1.089s] Invoking command in '/root/build/camera_ros': CMAKE_PREFIX_PATH=${CMAKE_PREFIX_PATH}:/opt/ros/humble /usr/bin/cmake --install /root/build/camera_ros
[1.097s] -- Install configuration: ""
[1.097s] -- Execute custom install script
[1.098s] -- Up-to-date symlink: /root/install/camera_ros/lib/camera_ros/camera_node
[1.098s] -- Up-to-date symlink: /root/install/camera_ros/share/camera_ros/environment/library_path.sh
[1.098s] -- Up-to-date symlink: /root/install/camera_ros/share/camera_ros/environment/library_path.dsv
[1.099s] -- Up-to-date symlink: /root/install/camera_ros/share/camera_ros//launch/camera.launch.py
[1.099s] -- Up-to-date symlink: /root/install/camera_ros/share/ament_index/resource_index/package_run_dependencies/camera_ros
[1.099s] -- Up-to-date symlink: /root/install/camera_ros/share/ament_index/resource_index/parent_prefix_path/camera_ros
[1.099s] -- Up-to-date symlink: /root/install/camera_ros/share/camera_ros/environment/ament_prefix_path.sh
[1.100s] -- Up-to-date symlink: /root/install/camera_ros/share/camera_ros/environment/ament_prefix_path.dsv
[1.100s] -- Up-to-date symlink: /root/install/camera_ros/share/camera_ros/environment/path.sh
[1.100s] -- Up-to-date symlink: /root/install/camera_ros/share/camera_ros/environment/path.dsv
[1.100s] -- Up-to-date symlink: /root/install/camera_ros/share/camera_ros/local_setup.bash
[1.100s] -- Up-to-date symlink: /root/install/camera_ros/share/camera_ros/local_setup.sh
[1.100s] -- Up-to-date symlink: /root/install/camera_ros/share/camera_ros/local_setup.zsh
[1.100s] -- Up-to-date symlink: /root/install/camera_ros/share/camera_ros/local_setup.dsv
[1.100s] -- Symlinking: /root/install/camera_ros/share/camera_ros/package.dsv
[1.110s] -- Up-to-date symlink: /root/install/camera_ros/share/ament_index/resource_index/packages/camera_ros
[1.114s] -- Up-to-date symlink: /root/install/camera_ros/share/ament_index/resource_index/rclcpp_components/camera_ros
[1.114s] -- Up-to-date symlink: /root/install/camera_ros/share/camera_ros/cmake/ament_cmake_export_targets-extras.cmake
[1.115s] -- Up-to-date symlink: /root/install/camera_ros/share/camera_ros/cmake/ament_cmake_export_dependencies-extras.cmake
[1.115s] -- Up-to-date symlink: /root/install/camera_ros/share/camera_ros/cmake/camera_rosConfig.cmake
[1.115s] -- Up-to-date symlink: /root/install/camera_ros/share/camera_ros/cmake/camera_rosConfig-version.cmake
[1.115s] -- Up-to-date symlink: /root/install/camera_ros/share/camera_ros/package.xml
[1.115s] -- Up-to-date: /root/install/camera_ros/lib/libcamera_component.so
[1.115s] -- Up-to-date: /root/install/camera_ros/share/camera_ros/cmake/camera_componentTargetsExport.cmake
[1.115s] -- Up-to-date: /root/install/camera_ros/share/camera_ros/cmake/camera_componentTargetsExport-noconfig.cmake
[1.115s] Invoked command in '/root/build/camera_ros' returned '0': CMAKE_PREFIX_PATH=${CMAKE_PREFIX_PATH}:/opt/ros/humble /usr/bin/cmake --install /root/build/camera_ros
